<?xml version="1.0" encoding="UTF-8"?>
<!-- Generated by org.testng.reporters.JUnitReportReporter -->
<testsuite hostname="SANKOJU" failures="0" tests="20" name="SauceDemo.TestNG_SauceDemo" time="59.640" errors="0" timestamp="2024-04-26T13:21:47 IST" skipped="0">
  <testcase classname="SauceDemo.TestNG_SauceDemo" name="VerifyInValidCredSignIn" time="2.813"/>
  <system-out/>
  <testcase classname="SauceDemo.TestNG_SauceDemo" name="VerifySignIn" time="0.260"/>
  <system-out/>
  <testcase classname="SauceDemo.TestNG_SauceDemo" name="VerifyListOfProducts" time="0.160"/>
  <system-out/>
  <testcase classname="SauceDemo.TestNG_SauceDemo" name="VerifyByClickingOntheProducts" time="0.645"/>
  <system-out/>
  <testcase classname="SauceDemo.TestNG_SauceDemo" name="VerifyAddToCart" time="0.092"/>
  <system-out/>
  <testcase classname="SauceDemo.TestNG_SauceDemo" name="VerifyRemoveFromCart" time="0.117"/>
  <system-out/>
  <testcase classname="SauceDemo.TestNG_SauceDemo" name="VerifyHamburgerMenu" time="0.078"/>
  <system-out/>
  <testcase classname="SauceDemo.TestNG_SauceDemo" name="VerifyAboutInSidbar" time="18.094"/>
  <system-out/>
  <testcase classname="SauceDemo.TestNG_SauceDemo" name="VerifyFilterByOptions" time="0.152"/>
  <system-out/>
  <testcase classname="SauceDemo.TestNG_SauceDemo" name="VerifyCartOption" time="0.566"/>
  <system-out/>
  <testcase classname="SauceDemo.TestNG_SauceDemo" name="VerifyPageScrolling" time="0.018"/>
  <system-out/>
  <testcase classname="SauceDemo.TestNG_SauceDemo" name="VerifyScreenshot" time="0.209"/>
  <system-out/>
  <testcase classname="SauceDemo.TestNG_SauceDemo" name="VerifyPageTitle" time="0.001"/>
  <system-out/>
  <testcase classname="SauceDemo.TestNG_SauceDemo" name="VerifyRequestDemo" time="8.251"/>
  <system-out/>
  <testcase classname="SauceDemo.TestNG_SauceDemo" name="VerifyFooterlinks" time="0.519"/>
  <system-out/>
  <testcase classname="SauceDemo.TestNG_SauceDemo" name="VerifyCookiesLink" time="0.408"/>
  <system-out/>
  <testcase classname="SauceDemo.TestNG_SauceDemo" name="VerifySIgnIn" time="0.476"/>
  <system-out/>
  <testcase classname="SauceDemo.TestNG_SauceDemo" name="VerifyTryitFreeButton" time="13.057"/>
  <system-out/>
  <testcase classname="SauceDemo.TestNG_SauceDemo" name="VerifySearchIcon" time="0.655"/>
  <system-out/>
  <testcase classname="SauceDemo.TestNG_SauceDemo" name="VerifyLogout" time="13.069"/>
  <system-out/>
</testsuite> <!-- SauceDemo.TestNG_SauceDemo -->
